#
# There is insufficient memory for the Java Runtime Environment to continue.
# Native memory allocation (malloc) failed to allocate 1022896 bytes for Chunk::new
# Possible reasons:
#   The system is out of physical RAM or swap space
#   In 32 bit mode, the process size limit was hit
# Possible solutions:
#   Reduce memory load on the system
#   Increase physical memory or swap space
#   Check if swap backing store is full
#   Use 64 bit Java on a 64 bit OS
#   Decrease Java heap size (-Xmx/-Xms)
#   Decrease number of Java threads
#   Decrease Java thread stack sizes (-Xss)
#   Set larger code cache with -XX:ReservedCodeCacheSize=
# This output file may be truncated or incomplete.
#
#  Out of Memory Error (allocation.cpp:390), pid=11544, tid=0x000000000000175c
#
# JRE version: Java(TM) SE Runtime Environment (8.0_101-b13) (build 1.8.0_101-b13)
# Java VM: Java HotSpot(TM) 64-Bit Server VM (25.101-b13 mixed mode windows-amd64 compressed oops)
# Failed to write core dump. Minidumps are not enabled by default on client versions of Windows
#

---------------  T H R E A D  ---------------

Current thread (0x0000000014df9800):  JavaThread "C2 CompilerThread1" daemon [_thread_in_native, id=5980, stack(0x0000000016530000,0x0000000016630000)]

Stack: [0x0000000016530000,0x0000000016630000]
[error occurred during error reporting (printing stack bounds), id 0xc0000005]

Native frames: (J=compiled Java code, j=interpreted, Vv=VM code, C=native code)


Current CompileTask:
C2:   4925 1842       4       com.android.dx.dex.code.OutputFinisher::addConstants (93 bytes)


---------------  P R O C E S S  ---------------

Java Threads: ( => current thread )
  0x00000000168be000 JavaThread "pool-1-thread-1" [_thread_blocked, id=6224, stack(0x0000000018a00000,0x0000000018b00000)]
  0x000000001668c000 JavaThread "Service Thread" daemon [_thread_blocked, id=4524, stack(0x0000000016b30000,0x0000000016c30000)]
  0x000000001667b800 JavaThread "C1 CompilerThread2" daemon [_thread_blocked, id=11548, stack(0x0000000016a30000,0x0000000016b30000)]
=>0x0000000014df9800 JavaThread "C2 CompilerThread1" daemon [_thread_in_native, id=5980, stack(0x0000000016530000,0x0000000016630000)]
  0x0000000014df6800 JavaThread "C2 CompilerThread0" daemon [_thread_blocked, id=8352, stack(0x0000000016430000,0x0000000016530000)]
  0x0000000014df5000 JavaThread "Attach Listener" daemon [_thread_blocked, id=9072, stack(0x0000000016330000,0x0000000016430000)]
  0x0000000014e43000 JavaThread "Signal Dispatcher" daemon [_thread_blocked, id=15240, stack(0x0000000016230000,0x0000000016330000)]
  0x0000000014dda000 JavaThread "Finalizer" daemon [_thread_blocked, id=2460, stack(0x0000000016040000,0x0000000016140000)]
  0x0000000002710000 JavaThread "Reference Handler" daemon [_thread_blocked, id=14428, stack(0x0000000015f40000,0x0000000016040000)]
  0x000000000251d800 JavaThread "main" [_thread_blocked, id=6184, stack(0x0000000002520000,0x0000000002620000)]

Other Threads:
  0x0000000014db7000 VMThread [stack: 0x0000000015e40000,0x0000000015f40000] [id=5048]
  0x00000000166af000 WatcherThread [stack: 0x0000000016c30000,0x0000000016d30000] [id=10700]

VM state:not at safepoint (normal execution)

VM Mutex/Monitor currently owned by a thread: None

Heap:
 PSYoungGen      total 53248K, used 29133K [0x00000000eab00000, 0x00000000ee300000, 0x0000000100000000)
  eden space 49152K, 50% used [0x00000000eab00000,0x00000000ec3734d0,0x00000000edb00000)
  from space 4096K, 100% used [0x00000000edf00000,0x00000000ee300000,0x00000000ee300000)
  to   space 4096K, 0% used [0x00000000edb00000,0x00000000edb00000,0x00000000edf00000)
 ParOldGen       total 65536K, used 11056K [0x00000000c0000000, 0x00000000c4000000, 0x00000000eab00000)
  object space 65536K, 16% used [0x00000000c0000000,0x00000000c0acc3b0,0x00000000c4000000)
 Metaspace       used 6689K, capacity 7384K, committed 7680K, reserved 1056768K
  class space    used 626K, capacity 656K, committed 768K, reserved 1048576K

Card table byte_map: [0x0000000011ae0000,0x0000000011cf0000] byte_map_base: 0x00000000114e0000

Marking Bits: (ParMarkBitMap*) 0x000000006193a6d0
 Begin Bits: [0x0000000012250000, 0x0000000013250000)
 End Bits:   [0x0000000013250000, 0x0000000014250000)

Polling page: 0x0000000000940000

CodeCache: size=245760Kb used=7859Kb max_used=7870Kb free=237900Kb
 bounds [0x0000000002720000, 0x0000000002ee0000, 0x0000000011720000]
 total_blobs=2272 nmethods=2002 adapters=182
 compilation: enabled

Compilation events (10 events):
Event: 4.917 Thread 0x000000001667b800 2026       1       com.android.dx.dex.code.form.Form22x::codeSize (2 bytes)
Event: 4.917 Thread 0x000000001667b800 nmethod 2026 0x0000000002ec3f50 code [0x0000000002ec40a0, 0x0000000002ec41b0]
Event: 4.917 Thread 0x000000001667b800 2020       1       com.android.dx.dex.code.form.Form10t::codeSize (2 bytes)
Event: 4.917 Thread 0x000000001667b800 nmethod 2020 0x0000000002ed09d0 code [0x0000000002ed0b20, 0x0000000002ed0c30]
Event: 4.917 Thread 0x000000001667b800 2025       1       com.android.dx.dex.code.Dop::getNextOpcode (5 bytes)
Event: 4.917 Thread 0x000000001667b800 nmethod 2025 0x0000000002ed0c90 code [0x0000000002ed0de0, 0x0000000002ed0ef0]
Event: 4.920 Thread 0x0000000014df6800 nmethod 2002 0x0000000002ed4250 code [0x0000000002ed43e0, 0x0000000002ed4aa8]
Event: 4.920 Thread 0x0000000014df6800 2016       4       com.android.dx.rop.type.StdTypeList::getType (6 bytes)
Event: 4.921 Thread 0x0000000014df6800 nmethod 2016 0x0000000002ed1210 code [0x0000000002ed1360, 0x0000000002ed1438]
Event: 4.921 Thread 0x0000000014df6800 2021       4       com.android.dx.rop.cst.CstType::compareTo0 (25 bytes)

GC Heap History (8 events):
Event: 3.079 GC heap before
{Heap before GC invocations=1 (full 0):
 PSYoungGen      total 28672K, used 24576K [0x00000000eab00000, 0x00000000ecb00000, 0x0000000100000000)
  eden space 24576K, 100% used [0x00000000eab00000,0x00000000ec300000,0x00000000ec300000)
  from space 4096K, 0% used [0x00000000ec700000,0x00000000ec700000,0x00000000ecb00000)
  to   space 4096K, 0% used [0x00000000ec300000,0x00000000ec300000,0x00000000ec700000)
 ParOldGen       total 65536K, used 0K [0x00000000c0000000, 0x00000000c4000000, 0x00000000eab00000)
  object space 65536K, 0% used [0x00000000c0000000,0x00000000c0000000,0x00000000c4000000)
 Metaspace       used 5875K, capacity 6772K, committed 7040K, reserved 1056768K
  class space    used 598K, capacity 620K, committed 640K, reserved 1048576K
Event: 3.087 GC heap after
Heap after GC invocations=1 (full 0):
 PSYoungGen      total 28672K, used 4080K [0x00000000eab00000, 0x00000000ecb00000, 0x0000000100000000)
  eden space 24576K, 0% used [0x00000000eab00000,0x00000000eab00000,0x00000000ec300000)
  from space 4096K, 99% used [0x00000000ec300000,0x00000000ec6fc088,0x00000000ec700000)
  to   space 4096K, 0% used [0x00000000ec700000,0x00000000ec700000,0x00000000ecb00000)
 ParOldGen       total 65536K, used 945K [0x00000000c0000000, 0x00000000c4000000, 0x00000000eab00000)
  object space 65536K, 1% used [0x00000000c0000000,0x00000000c00ec558,0x00000000c4000000)
 Metaspace       used 5875K, capacity 6772K, committed 7040K, reserved 1056768K
  class space    used 598K, capacity 620K, committed 640K, reserved 1048576K
}
Event: 3.536 GC heap before
{Heap before GC invocations=2 (full 0):
 PSYoungGen      total 28672K, used 28656K [0x00000000eab00000, 0x00000000ecb00000, 0x0000000100000000)
  eden space 24576K, 100% used [0x00000000eab00000,0x00000000ec300000,0x00000000ec300000)
  from space 4096K, 99% used [0x00000000ec300000,0x00000000ec6fc088,0x00000000ec700000)
  to   space 4096K, 0% used [0x00000000ec700000,0x00000000ec700000,0x00000000ecb00000)
 ParOldGen       total 65536K, used 945K [0x00000000c0000000, 0x00000000c4000000, 0x00000000eab00000)
  object space 65536K, 1% used [0x00000000c0000000,0x00000000c00ec558,0x00000000c4000000)
 Metaspace       used 6188K, capacity 7030K, committed 7296K, reserved 1056768K
  class space    used 606K, capacity 622K, committed 640K, reserved 1048576K
Event: 3.558 GC heap after
Heap after GC invocations=2 (full 0):
 PSYoungGen      total 28672K, used 4090K [0x00000000eab00000, 0x00000000ee300000, 0x0000000100000000)
  eden space 24576K, 0% used [0x00000000eab00000,0x00000000eab00000,0x00000000ec300000)
  from space 4096K, 99% used [0x00000000ec700000,0x00000000ecafeaa8,0x00000000ecb00000)
  to   space 4096K, 0% used [0x00000000ec300000,0x00000000ec300000,0x00000000ec700000)
 ParOldGen       total 65536K, used 3253K [0x00000000c0000000, 0x00000000c4000000, 0x00000000eab00000)
  object space 65536K, 4% used [0x00000000c0000000,0x00000000c032d630,0x00000000c4000000)
 Metaspace       used 6188K, capacity 7030K, committed 7296K, reserved 1056768K
  class space    used 606K, capacity 622K, committed 640K, reserved 1048576K
}
Event: 3.941 GC heap before
{Heap before GC invocations=3 (full 0):
 PSYoungGen      total 28672K, used 28666K [0x00000000eab00000, 0x00000000ee300000, 0x0000000100000000)
  eden space 24576K, 100% used [0x00000000eab00000,0x00000000ec300000,0x00000000ec300000)
  from space 4096K, 99% used [0x00000000ec700000,0x00000000ecafeaa8,0x00000000ecb00000)
  to   space 4096K, 0% used [0x00000000ec300000,0x00000000ec300000,0x00000000ec700000)
 ParOldGen       total 65536K, used 3253K [0x00000000c0000000, 0x00000000c4000000, 0x00000000eab00000)
  object space 65536K, 4% used [0x00000000c0000000,0x00000000c032d630,0x00000000c4000000)
 Metaspace       used 6317K, capacity 7158K, committed 7296K, reserved 1056768K
  class space    used 607K, capacity 622K, committed 640K, reserved 1048576K
Event: 3.958 GC heap after
Heap after GC invocations=3 (full 0):
 PSYoungGen      total 28672K, used 4096K [0x00000000eab00000, 0x00000000ee300000, 0x0000000100000000)
  eden space 24576K, 0% used [0x00000000eab00000,0x00000000eab00000,0x00000000ec300000)
  from space 4096K, 100% used [0x00000000ec300000,0x00000000ec700000,0x00000000ec700000)
  to   space 4096K, 0% used [0x00000000edf00000,0x00000000edf00000,0x00000000ee300000)
 ParOldGen       total 65536K, used 7314K [0x00000000c0000000, 0x00000000c4000000, 0x00000000eab00000)
  object space 65536K, 11% used [0x00000000c0000000,0x00000000c0724bd0,0x00000000c4000000)
 Metaspace       used 6317K, capacity 7158K, committed 7296K, reserved 1056768K
  class space    used 607K, capacity 622K, committed 640K, reserved 1048576K
}
Event: 4.286 GC heap before
{Heap before GC invocations=4 (full 0):
 PSYoungGen      total 28672K, used 28672K [0x00000000eab00000, 0x00000000ee300000, 0x0000000100000000)
  eden space 24576K, 100% used [0x00000000eab00000,0x00000000ec300000,0x00000000ec300000)
  from space 4096K, 100% used [0x00000000ec300000,0x00000000ec700000,0x00000000ec700000)
  to   space 4096K, 0% used [0x00000000edf00000,0x00000000edf00000,0x00000000ee300000)
 ParOldGen       total 65536K, used 7314K [0x00000000c0000000, 0x00000000c4000000, 0x00000000eab00000)
  object space 65536K, 11% used [0x00000000c0000000,0x00000000c0724bd0,0x00000000c4000000)
 Metaspace       used 6424K, capacity 7158K, committed 7296K, reserved 1056768K
  class space    used 607K, capacity 622K, committed 640K, reserved 1048576K
Event: 4.344 GC heap after
Heap after GC invocations=4 (full 0):
 PSYoungGen      total 53248K, used 4096K [0x00000000eab00000, 0x00000000ee300000, 0x0000000100000000)
  eden space 49152K, 0% used [0x00000000eab00000,0x00000000eab00000,0x00000000edb00000)
  from space 4096K, 100% used [0x00000000edf00000,0x00000000ee300000,0x00000000ee300000)
  to   space 4096K, 0% used [0x00000000edb00000,0x00000000edb00000,0x00000000edf00000)
 ParOldGen       total 65536K, used 11056K [0x00000000c0000000, 0x00000000c4000000, 0x00000000eab00000)
  object space 65536K, 16% used [0x00000000c0000000,0x00000000c0acc3b0,0x00000000c4000000)
 Metaspace       used 6424K, capacity 7158K, committed 7296K, reserved 1056768K
  class space    used 607K, capacity 622K, committed 640K, reserved 1048576K
}

Deoptimization events (10 events):
Event: 4.647 Thread 0x00000000168be000 Uncommon trap: reason=bimorphic action=maybe_recompile pc=0x0000000002966d98 method=java.util.HashMap.getNode(ILjava/lang/Object;)Ljava/util/HashMap$Node; @ 126
Event: 4.647 Thread 0x00000000168be000 Uncommon trap: reason=bimorphic action=maybe_recompile pc=0x00000000029426d4 method=java.util.HashMap.getNode(ILjava/lang/Object;)Ljava/util/HashMap$Node; @ 126
Event: 4.647 Thread 0x00000000168be000 Uncommon trap: reason=class_check action=maybe_recompile pc=0x0000000002b45878 method=java.util.HashMap.putVal(ILjava/lang/Object;Ljava/lang/Object;ZZ)Ljava/lang/Object; @ 203
Event: 4.649 Thread 0x00000000168be000 Uncommon trap: reason=class_check action=maybe_recompile pc=0x0000000002b45878 method=java.util.HashMap.putVal(ILjava/lang/Object;Ljava/lang/Object;ZZ)Ljava/lang/Object; @ 203
Event: 4.649 Thread 0x00000000168be000 Uncommon trap: reason=class_check action=maybe_recompile pc=0x0000000002b45878 method=java.util.HashMap.putVal(ILjava/lang/Object;Ljava/lang/Object;ZZ)Ljava/lang/Object; @ 203
Event: 4.817 Thread 0x00000000168be000 Uncommon trap: reason=speculate_class_check action=maybe_recompile pc=0x0000000002a2fe38 method=com.android.dx.util.FixedSizeList.equals(Ljava/lang/Object;)Z @ 25
Event: 4.817 Thread 0x00000000168be000 Uncommon trap: reason=speculate_class_check action=maybe_recompile pc=0x0000000002a2fe38 method=com.android.dx.util.FixedSizeList.equals(Ljava/lang/Object;)Z @ 25
Event: 4.817 Thread 0x00000000168be000 Uncommon trap: reason=speculate_class_check action=maybe_recompile pc=0x0000000002a2fe38 method=com.android.dx.util.FixedSizeList.equals(Ljava/lang/Object;)Z @ 25
Event: 4.817 Thread 0x00000000168be000 Uncommon trap: reason=speculate_class_check action=maybe_recompile pc=0x0000000002a2fe38 method=com.android.dx.util.FixedSizeList.equals(Ljava/lang/Object;)Z @ 25
Event: 4.912 Thread 0x00000000168be000 Uncommon trap: reason=unstable_if action=reinterpret pc=0x0000000002e5dbe0 method=java.util.TreeMap.put(Ljava/lang/Object;Ljava/lang/Object;)Ljava/lang/Object; @ 163

Internal exceptions (2 events):
Event: 1.391 Thread 0x000000000251d800 Exception <a 'java/lang/NoSuchMethodError': Method sun.misc.Unsafe.defineClass(Ljava/lang/String;[BII)Ljava/lang/Class; name or signature does not match> (0x00000000eab07cc0) thrown at [C:\re\workspace\8-2-build-windows-amd64-cygwin\jdk8u101\7261\hotspot\s`º2Aö?
Event: 1.391 Thread 0x000000000251d800 Exception <a 'java/lang/NoSuchMethodError': Method sun.misc.Unsafe.prefetchRead(Ljava/lang/Object;J)V name or signature does not match> (0x00000000eab07fa8) thrown at [C:\re\workspace\8-2-build-windows-amd64-cygwin\jdk8u101\7261\hotspot\src\share\vm\prims\

Events (10 events):
Event: 4.817 Thread 0x00000000168be000 DEOPT UNPACKING pc=0x000000000276582a sp=0x0000000018afe7f0 mode 2
Event: 4.817 loading class com/android/dx/dex/code/CatchTable$Entry
Event: 4.817 loading class com/android/dx/dex/code/CatchTable$Entry done
Event: 4.818 loading class com/android/dx/util/ByteArrayAnnotatedOutput
Event: 4.818 loading class com/android/dx/util/ByteArrayAnnotatedOutput done
Event: 4.832 loading class com/android/dx/rop/code/RegisterSpecList$Expander
Event: 4.832 loading class com/android/dx/rop/code/RegisterSpecList$Expander done
Event: 4.912 Thread 0x00000000168be000 Uncommon trap: trap_request=0xffffff65 fr.pc=0x0000000002e5dbe0
Event: 4.912 Thread 0x00000000168be000 DEOPT PACKING pc=0x0000000002e5dbe0 sp=0x0000000018afea10
Event: 4.912 Thread 0x00000000168be000 DEOPT UNPACKING pc=0x000000000276582a sp=0x0000000018afe9f0 mode 2


Dynamic libraries:
0x00007ff69a660000 - 0x00007ff69a697000 	C:\Program Files\Java\jdk1.8.0_101\bin\java.exe
0x00007fff37920000 - 0x00007fff37af1000 	C:\Windows\SYSTEM32\ntdll.dll
0x00007fff36f40000 - 0x00007fff36feb000 	C:\Windows\System32\KERNEL32.DLL
0x00007fff34b60000 - 0x00007fff34d7d000 	C:\Windows\System32\KERNELBASE.dll
0x00007fff374c0000 - 0x00007fff37562000 	C:\Windows\System32\ADVAPI32.dll
0x00007fff36e00000 - 0x00007fff36e9e000 	C:\Windows\System32\msvcrt.dll
0x00007fff34e90000 - 0x00007fff34ee9000 	C:\Windows\System32\sechost.dll
0x00007fff350e0000 - 0x00007fff35201000 	C:\Windows\System32\RPCRT4.dll
0x00007fff34ef0000 - 0x00007fff35055000 	C:\Windows\System32\USER32.dll
0x00007fff34710000 - 0x00007fff3472e000 	C:\Windows\System32\win32u.dll
0x00007fff36ea0000 - 0x00007fff36ed4000 	C:\Windows\System32\GDI32.dll
0x00007fff33df0000 - 0x00007fff33f72000 	C:\Windows\System32\gdi32full.dll
0x00007fff29bd0000 - 0x00007fff29e4a000 	C:\Windows\WinSxS\amd64_microsoft.windows.common-controls_6595b64144ccf1df_6.0.14393.953_none_42151e83c686086b\COMCTL32.dll
0x00007fff35590000 - 0x00007fff35858000 	C:\Windows\System32\combase.dll
0x00007fff347e0000 - 0x00007fff348d5000 	C:\Windows\System32\ucrtbase.dll
0x00007fff34e20000 - 0x00007fff34e8a000 	C:\Windows\System32\bcryptPrimitives.dll
0x00007fff35360000 - 0x00007fff3538e000 	C:\Windows\System32\IMM32.DLL
0x00000000619c0000 - 0x0000000061a92000 	C:\Program Files\Java\jdk1.8.0_101\jre\bin\msvcr100.dll
0x0000000061120000 - 0x00000000619ba000 	C:\Program Files\Java\jdk1.8.0_101\jre\bin\server\jvm.dll
0x00007fff37570000 - 0x00007fff37578000 	C:\Windows\System32\PSAPI.DLL
0x00007fff240c0000 - 0x00007fff240c9000 	C:\Windows\SYSTEM32\WSOCK32.dll
0x00007fff36d90000 - 0x00007fff36dfa000 	C:\Windows\System32\WS2_32.dll
0x00007fff31c70000 - 0x00007fff31c93000 	C:\Windows\SYSTEM32\WINMM.dll
0x00007fff2fe90000 - 0x00007fff2fe9a000 	C:\Windows\SYSTEM32\VERSION.dll
0x00007fff31c40000 - 0x00007fff31c6b000 	C:\Windows\SYSTEM32\WINMMBASE.dll
0x00007fff34790000 - 0x00007fff347d2000 	C:\Windows\System32\cfgmgr32.dll
0x0000000061110000 - 0x000000006111f000 	C:\Program Files\Java\jdk1.8.0_101\jre\bin\verify.dll
0x00000000610e0000 - 0x0000000061109000 	C:\Program Files\Java\jdk1.8.0_101\jre\bin\java.dll
0x00000000610c0000 - 0x00000000610d6000 	C:\Program Files\Java\jdk1.8.0_101\jre\bin\zip.dll
0x00007fff35860000 - 0x00007fff36d68000 	C:\Windows\System32\SHELL32.dll
0x00007fff34030000 - 0x00007fff3470a000 	C:\Windows\System32\windows.storage.dll
0x00007fff33d60000 - 0x00007fff33dac000 	C:\Windows\System32\powrprof.dll
0x00007fff35080000 - 0x00007fff350d2000 	C:\Windows\System32\shlwapi.dll
0x00007fff33db0000 - 0x00007fff33dbf000 	C:\Windows\System32\kernel.appcore.dll
0x00007fff33f80000 - 0x00007fff34029000 	C:\Windows\System32\shcore.dll
0x00007fff33dd0000 - 0x00007fff33de4000 	C:\Windows\System32\profapi.dll

VM Arguments:
jvm_args: -Djava.awt.headless=true -Xmx1024M -Dfile.encoding=windows-1255 -Duser.country=US -Duser.language=en -Duser.variant 
java_command: com.android.dx.command.Main --dex --force-jumbo --num-threads=4 --multi-dex --output D:\Android\Projects\earthquake\ud843-QuakeReport-starting-point\app\build\intermediates\transforms\dex\debug\folders\1000\10\internal_impl-23.3.0_e62f5a32366115d07688b82ecd1256614e5ef7dc C:\Users\Rami LT\.android\build-cache\9b96b65ade9707ec563b7c4298e1f86b5ac2809d\output\jars\libs\internal_impl-23.3.0.jar
java_class_path (initial): D:\Android\build-tools\25.0.0\lib\dx.jar
Launcher Type: SUN_STANDARD

Environment Variables:
JAVA_HOME=C:\Program Files\Java\jdk1.8.0_102
PATH=C:\ProgramData\Oracle\Java\javapath;C:\WINDOWS\system32;C:\WINDOWS;C:\WINDOWS\System32\Wbem;C:\WINDOWS\System32\WindowsPowerShell\v1.0\;C:\Program Files\Intel\WiFi\bin\;C:\Program Files\Common Files\Intel\WirelessCommon\;C:\Program Files (x86)\Skype\Phone\;C:\Program Files (x86)\NVIDIA Corporation\PhysX\Common;C:\Program Files\Microsoft SQL Server\120\Tools\Binn\;C:\Program Files\Microsoft SQL Server\130\Tools\Binn\;C:\Program Files (x86)\Intel\OpenCL SDK\2.0\bin\x86;C:\Program Files (x86)\Intel\OpenCL SDK\2.0\bin\x64;C:\Program Files\Microsoft\Web Platform Installer\;C:\Program Files\dotnet\;C:\Windows\system32;C:\Windows;C:\Windows\System32\Wbem;C:\Windows\System32\WindowsPowerShell\v1.0\;C:\Program Files\Java\jdk1.8.0_102\bin;C:\maven\apache-maven-3.3.9\bin;C:\mysql-connector-java-5.1.40\mysql-5.7.16-winx64\bin;C:\Python27;C:\Program Files\Git\cmd;C:\Users\Rami LT\.dnx\bin;C:\Program Files\Intel\WiFi\bin\;C:\Program Files\Common Files\Intel\WirelessCommon\;C:\Users\Rami LT\AppData\Local\Microsoft\WindowsApps;C:\Program Files (x86)\Notepad++
USERNAME=Rami LT
OS=Windows_NT
PROCESSOR_IDENTIFIER=Intel64 Family 6 Model 42 Stepping 7, GenuineIntel



---------------  S Y S T E M  ---------------

OS: Windows 10.0 , 64 bit Build 14393 (10.0.14393.0)

CPU:total 4 (2 cores per cpu, 2 threads per core) family 6 model 42 stepping 7, cmov, cx8, fxsr, mmx, sse, sse2, sse3, ssse3, sse4.1, sse4.2, popcnt, avx, aes, clmul, ht, tsc, tscinvbit

Memory: 4k page, physical 6196396k(914924k free), swap 7888044k(122748k free)

vm_info: Java HotSpot(TM) 64-Bit Server VM (25.101-b13) for windows-amd64 JRE (1.8.0_101-b13), built on Jun 22 2016 01:21:29 by "java_re" with MS VC++ 10.0 (VS2010)

time: Sat Apr 22 02:21:50 2017
elapsed time: 4 seconds (0d 0h 0m 4s)

