#
# There is insufficient memory for the Java Runtime Environment to continue.
# Native memory allocation (malloc) failed to allocate 882016 bytes for Chunk::new
# Possible reasons:
#   The system is out of physical RAM or swap space
#   In 32 bit mode, the process size limit was hit
# Possible solutions:
#   Reduce memory load on the system
#   Increase physical memory or swap space
#   Check if swap backing store is full
#   Use 64 bit Java on a 64 bit OS
#   Decrease Java heap size (-Xmx/-Xms)
#   Decrease number of Java threads
#   Decrease Java thread stack sizes (-Xss)
#   Set larger code cache with -XX:ReservedCodeCacheSize=
# This output file may be truncated or incomplete.
#
#  Out of Memory Error (allocation.cpp:390), pid=5164, tid=0x0000000000002f84
#
# JRE version: Java(TM) SE Runtime Environment (8.0_101-b13) (build 1.8.0_101-b13)
# Java VM: Java HotSpot(TM) 64-Bit Server VM (25.101-b13 mixed mode windows-amd64 compressed oops)
# Failed to write core dump. Minidumps are not enabled by default on client versions of Windows
#

---------------  T H R E A D  ---------------

Current thread (0x000000001518e800):  JavaThread "C2 CompilerThread1" daemon [_thread_in_native, id=12164, stack(0x0000000016c70000,0x0000000016d70000)]

Stack: [0x0000000016c70000,0x0000000016d70000]
[error occurred during error reporting (printing stack bounds), id 0xc0000005]

Native frames: (J=compiled Java code, j=interpreted, Vv=VM code, C=native code)


Current CompileTask:
C2:   5426 2037   !   4       com.android.dx.cf.code.BytecodeArray::parseInstruction (2764 bytes)


---------------  P R O C E S S  ---------------

Java Threads: ( => current thread )
  0x0000000016b0a000 JavaThread "pool-2-thread-4" [_thread_blocked, id=6964, stack(0x0000000017470000,0x0000000017570000)]
  0x0000000016b08800 JavaThread "pool-2-thread-3" [_thread_in_Java, id=11984, stack(0x0000000017370000,0x0000000017470000)]
  0x0000000016b07000 JavaThread "pool-2-thread-2" [_thread_in_Java, id=5356, stack(0x0000000017270000,0x0000000017370000)]
  0x0000000016b05000 JavaThread "pool-3-thread-1" [_thread_blocked, id=9952, stack(0x0000000017170000,0x0000000017270000)]
  0x0000000016b02800 JavaThread "pool-2-thread-1" [_thread_blocked, id=12980, stack(0x0000000017070000,0x0000000017170000)]
  0x00000000168c3800 JavaThread "Service Thread" daemon [_thread_blocked, id=12464, stack(0x0000000016e70000,0x0000000016f70000)]
  0x00000000168be000 JavaThread "C1 CompilerThread2" daemon [_thread_blocked, id=7732, stack(0x0000000016d70000,0x0000000016e70000)]
=>0x000000001518e800 JavaThread "C2 CompilerThread1" daemon [_thread_in_native, id=12164, stack(0x0000000016c70000,0x0000000016d70000)]
  0x0000000015138800 JavaThread "C2 CompilerThread0" daemon [_thread_in_native, id=10176, stack(0x0000000016770000,0x0000000016870000)]
  0x0000000015136800 JavaThread "Attach Listener" daemon [_thread_blocked, id=16276, stack(0x0000000016670000,0x0000000016770000)]
  0x0000000015183800 JavaThread "Signal Dispatcher" daemon [_thread_blocked, id=808, stack(0x0000000016570000,0x0000000016670000)]
  0x000000001511a000 JavaThread "Finalizer" daemon [_thread_blocked, id=236, stack(0x0000000016380000,0x0000000016480000)]
  0x0000000002a50000 JavaThread "Reference Handler" daemon [_thread_blocked, id=6388, stack(0x0000000016280000,0x0000000016380000)]
  0x000000000266d800 JavaThread "main" [_thread_in_Java, id=2596, stack(0x0000000002760000,0x0000000002860000)]

Other Threads:
  0x00000000150f7000 VMThread [stack: 0x0000000016180000,0x0000000016280000] [id=6960]
  0x000000001692f800 WatcherThread [stack: 0x0000000016f70000,0x0000000017070000] [id=10948]

VM state:not at safepoint (normal execution)

VM Mutex/Monitor currently owned by a thread: None

Heap:
 PSYoungGen      total 111104K, used 69442K [0x00000000eab00000, 0x00000000f9500000, 0x0000000100000000)
  eden space 96768K, 56% used [0x00000000eab00000,0x00000000ee0d7548,0x00000000f0980000)
  from space 14336K, 99% used [0x00000000f0980000,0x00000000f1779410,0x00000000f1780000)
  to   space 23040K, 0% used [0x00000000f7e80000,0x00000000f7e80000,0x00000000f9500000)
 ParOldGen       total 65536K, used 30211K [0x00000000c0000000, 0x00000000c4000000, 0x00000000eab00000)
  object space 65536K, 46% used [0x00000000c0000000,0x00000000c1d80c70,0x00000000c4000000)
 Metaspace       used 6558K, capacity 7256K, committed 7424K, reserved 1056768K
  class space    used 627K, capacity 656K, committed 768K, reserved 1048576K

Card table byte_map: [0x0000000011e20000,0x0000000012030000] byte_map_base: 0x0000000011820000

Marking Bits: (ParMarkBitMap*) 0x000000006193a6d0
 Begin Bits: [0x0000000012590000, 0x0000000013590000)
 End Bits:   [0x0000000013590000, 0x0000000014590000)

Polling page: 0x00000000007f0000

CodeCache: size=245760Kb used=8167Kb max_used=8167Kb free=237592Kb
 bounds [0x0000000002a60000, 0x0000000003270000, 0x0000000011a60000]
 total_blobs=2300 nmethods=2030 adapters=182
 compilation: enabled

Compilation events (10 events):
Event: 5.155 Thread 0x00000000168be000 2086       2       com.android.dx.rop.type.Type::getClassName (94 bytes)
Event: 5.156 Thread 0x00000000168be000 nmethod 2086 0x000000000325de90 code [0x000000000325e060, 0x000000000325e598]
Event: 5.288 Thread 0x00000000168be000 2088       2       com.android.dx.rop.code.SwitchInsn::withNewRegisters (22 bytes)
Event: 5.288 Thread 0x00000000168be000 nmethod 2088 0x000000000325e8d0 code [0x000000000325ea40, 0x000000000325ec28]
Event: 5.323 Thread 0x00000000168be000 2089       2       com.android.dx.rop.type.Type::getArrayType (50 bytes)
Event: 5.324 Thread 0x00000000168be000 nmethod 2089 0x000000000325ed10 code [0x000000000325eec0, 0x000000000325f328]
Event: 5.392 Thread 0x00000000168be000 2091       2       java.util.HashMap::putVal (300 bytes)
Event: 5.393 Thread 0x00000000168be000 nmethod 2091 0x000000000325f650 code [0x000000000325f860, 0x000000000325ff78]
Event: 5.415 Thread 0x00000000168be000 2093       1       com.android.dx.command.dexer.Main::access$1300 (4 bytes)
Event: 5.415 Thread 0x00000000168be000 nmethod 2093 0x0000000003232fd0 code [0x0000000003233120, 0x0000000003233210]

GC Heap History (10 events):
Event: 2.672 GC heap before
{Heap before GC invocations=3 (full 0):
 PSYoungGen      total 28672K, used 28657K [0x00000000eab00000, 0x00000000ee300000, 0x0000000100000000)
  eden space 24576K, 100% used [0x00000000eab00000,0x00000000ec300000,0x00000000ec300000)
  from space 4096K, 99% used [0x00000000ec700000,0x00000000ecafc5f8,0x00000000ecb00000)
  to   space 4096K, 0% used [0x00000000ec300000,0x00000000ec300000,0x00000000ec700000)
 ParOldGen       total 65536K, used 2420K [0x00000000c0000000, 0x00000000c4000000, 0x00000000eab00000)
  object space 65536K, 3% used [0x00000000c0000000,0x00000000c025d1e8,0x00000000c4000000)
 Metaspace       used 6214K, capacity 7030K, committed 7296K, reserved 1056768K
  class space    used 607K, capacity 622K, committed 640K, reserved 1048576K
Event: 2.704 GC heap after
Heap after GC invocations=3 (full 0):
 PSYoungGen      total 28672K, used 4065K [0x00000000eab00000, 0x00000000ee300000, 0x0000000100000000)
  eden space 24576K, 0% used [0x00000000eab00000,0x00000000eab00000,0x00000000ec300000)
  from space 4096K, 99% used [0x00000000ec300000,0x00000000ec6f86e8,0x00000000ec700000)
  to   space 4096K, 0% used [0x00000000edf00000,0x00000000edf00000,0x00000000ee300000)
 ParOldGen       total 65536K, used 5985K [0x00000000c0000000, 0x00000000c4000000, 0x00000000eab00000)
  object space 65536K, 9% used [0x00000000c0000000,0x00000000c05d85d0,0x00000000c4000000)
 Metaspace       used 6214K, capacity 7030K, committed 7296K, reserved 1056768K
  class space    used 607K, capacity 622K, committed 640K, reserved 1048576K
}
Event: 3.011 GC heap before
{Heap before GC invocations=4 (full 0):
 PSYoungGen      total 28672K, used 28641K [0x00000000eab00000, 0x00000000ee300000, 0x0000000100000000)
  eden space 24576K, 100% used [0x00000000eab00000,0x00000000ec300000,0x00000000ec300000)
  from space 4096K, 99% used [0x00000000ec300000,0x00000000ec6f86e8,0x00000000ec700000)
  to   space 4096K, 0% used [0x00000000edf00000,0x00000000edf00000,0x00000000ee300000)
 ParOldGen       total 65536K, used 5985K [0x00000000c0000000, 0x00000000c4000000, 0x00000000eab00000)
  object space 65536K, 9% used [0x00000000c0000000,0x00000000c05d85d0,0x00000000c4000000)
 Metaspace       used 6248K, capacity 7094K, committed 7296K, reserved 1056768K
  class space    used 607K, capacity 622K, committed 640K, reserved 1048576K
Event: 3.035 GC heap after
Heap after GC invocations=4 (full 0):
 PSYoungGen      total 53248K, used 4081K [0x00000000eab00000, 0x00000000ee300000, 0x0000000100000000)
  eden space 49152K, 0% used [0x00000000eab00000,0x00000000eab00000,0x00000000edb00000)
  from space 4096K, 99% used [0x00000000edf00000,0x00000000ee2fc6f8,0x00000000ee300000)
  to   space 4096K, 0% used [0x00000000edb00000,0x00000000edb00000,0x00000000edf00000)
 ParOldGen       total 65536K, used 9871K [0x00000000c0000000, 0x00000000c4000000, 0x00000000eab00000)
  object space 65536K, 15% used [0x00000000c0000000,0x00000000c09a3c30,0x00000000c4000000)
 Metaspace       used 6248K, capacity 7094K, committed 7296K, reserved 1056768K
  class space    used 607K, capacity 622K, committed 640K, reserved 1048576K
}
Event: 3.471 GC heap before
{Heap before GC invocations=5 (full 0):
 PSYoungGen      total 53248K, used 53233K [0x00000000eab00000, 0x00000000ee300000, 0x0000000100000000)
  eden space 49152K, 100% used [0x00000000eab00000,0x00000000edb00000,0x00000000edb00000)
  from space 4096K, 99% used [0x00000000edf00000,0x00000000ee2fc6f8,0x00000000ee300000)
  to   space 4096K, 0% used [0x00000000edb00000,0x00000000edb00000,0x00000000edf00000)
 ParOldGen       total 65536K, used 9871K [0x00000000c0000000, 0x00000000c4000000, 0x00000000eab00000)
  object space 65536K, 15% used [0x00000000c0000000,0x00000000c09a3c30,0x00000000c4000000)
 Metaspace       used 6320K, capacity 7158K, committed 7296K, reserved 1056768K
  class space    used 607K, capacity 622K, committed 640K, reserved 1048576K
Event: 3.492 GC heap after
Heap after GC invocations=5 (full 0):
 PSYoungGen      total 53248K, used 4079K [0x00000000eab00000, 0x00000000f2400000, 0x0000000100000000)
  eden space 49152K, 0% used [0x00000000eab00000,0x00000000eab00000,0x00000000edb00000)
  from space 4096K, 99% used [0x00000000edb00000,0x00000000edefbf58,0x00000000edf00000)
  to   space 12800K, 0% used [0x00000000f1780000,0x00000000f1780000,0x00000000f2400000)
 ParOldGen       total 65536K, used 17424K [0x00000000c0000000, 0x00000000c4000000, 0x00000000eab00000)
  object space 65536K, 26% used [0x00000000c0000000,0x00000000c11041e0,0x00000000c4000000)
 Metaspace       used 6320K, capacity 7158K, committed 7296K, reserved 1056768K
  class space    used 607K, capacity 622K, committed 640K, reserved 1048576K
}
Event: 3.879 GC heap before
{Heap before GC invocations=6 (full 0):
 PSYoungGen      total 53248K, used 53231K [0x00000000eab00000, 0x00000000f2400000, 0x0000000100000000)
  eden space 49152K, 100% used [0x00000000eab00000,0x00000000edb00000,0x00000000edb00000)
  from space 4096K, 99% used [0x00000000edb00000,0x00000000edefbf58,0x00000000edf00000)
  to   space 12800K, 0% used [0x00000000f1780000,0x00000000f1780000,0x00000000f2400000)
 ParOldGen       total 65536K, used 17424K [0x00000000c0000000, 0x00000000c4000000, 0x00000000eab00000)
  object space 65536K, 26% used [0x00000000c0000000,0x00000000c11041e0,0x00000000c4000000)
 Metaspace       used 6379K, capacity 7158K, committed 7296K, reserved 1056768K
  class space    used 607K, capacity 622K, committed 640K, reserved 1048576K
Event: 3.947 GC heap after
Heap after GC invocations=6 (full 0):
 PSYoungGen      total 109568K, used 11874K [0x00000000eab00000, 0x00000000f2700000, 0x0000000100000000)
  eden space 96768K, 0% used [0x00000000eab00000,0x00000000eab00000,0x00000000f0980000)
  from space 12800K, 92% used [0x00000000f1780000,0x00000000f2318aa8,0x00000000f2400000)
  to   space 14336K, 0% used [0x00000000f0980000,0x00000000f0980000,0x00000000f1780000)
 ParOldGen       total 65536K, used 17432K [0x00000000c0000000, 0x00000000c4000000, 0x00000000eab00000)
  object space 65536K, 26% used [0x00000000c0000000,0x00000000c11061e0,0x00000000c4000000)
 Metaspace       used 6379K, capacity 7158K, committed 7296K, reserved 1056768K
  class space    used 607K, capacity 622K, committed 640K, reserved 1048576K
}
Event: 4.798 GC heap before
{Heap before GC invocations=7 (full 0):
 PSYoungGen      total 109568K, used 108642K [0x00000000eab00000, 0x00000000f2700000, 0x0000000100000000)
  eden space 96768K, 100% used [0x00000000eab00000,0x00000000f0980000,0x00000000f0980000)
  from space 12800K, 92% used [0x00000000f1780000,0x00000000f2318aa8,0x00000000f2400000)
  to   space 14336K, 0% used [0x00000000f0980000,0x00000000f0980000,0x00000000f1780000)
 ParOldGen       total 65536K, used 17432K [0x00000000c0000000, 0x00000000c4000000, 0x00000000eab00000)
  object space 65536K, 26% used [0x00000000c0000000,0x00000000c11061e0,0x00000000c4000000)
 Metaspace       used 6527K, capacity 7192K, committed 7424K, reserved 1056768K
  class space    used 627K, capacity 656K, committed 768K, reserved 1048576K
Event: 4.906 GC heap after
Heap after GC invocations=7 (full 0):
 PSYoungGen      total 111104K, used 14309K [0x00000000eab00000, 0x00000000f9500000, 0x0000000100000000)
  eden space 96768K, 0% used [0x00000000eab00000,0x00000000eab00000,0x00000000f0980000)
  from space 14336K, 99% used [0x00000000f0980000,0x00000000f1779410,0x00000000f1780000)
  to   space 23040K, 0% used [0x00000000f7e80000,0x00000000f7e80000,0x00000000f9500000)
 ParOldGen       total 65536K, used 30211K [0x00000000c0000000, 0x00000000c4000000, 0x00000000eab00000)
  object space 65536K, 46% used [0x00000000c0000000,0x00000000c1d80c70,0x00000000c4000000)
 Metaspace       used 6527K, capacity 7192K, committed 7424K, reserved 1056768K
  class space    used 627K, capacity 656K, committed 768K, reserved 1048576K
}

Deoptimization events (10 events):
Event: 3.732 Thread 0x0000000016b07000 Uncommon trap: reason=class_check action=maybe_recompile pc=0x0000000002ea6bc4 method=java.util.HashMap.putVal(ILjava/lang/Object;Ljava/lang/Object;ZZ)Ljava/lang/Object; @ 203
Event: 4.186 Thread 0x0000000016b0a000 Uncommon trap: reason=unstable_if action=reinterpret pc=0x000000000311d3cc method=com.android.dx.rop.code.LocalItem.compareHandlesNulls(Lcom/android/dx/rop/cst/CstString;Lcom/android/dx/rop/cst/CstString;)I @ 14
Event: 4.648 Thread 0x0000000016b02800 Uncommon trap: reason=bimorphic action=maybe_recompile pc=0x000000000317debc method=com.android.dx.cf.code.BytecodeArray.parseInstruction(ILcom/android/dx/cf/code/BytecodeArray$Visitor;)I @ 1161
Event: 4.649 Thread 0x0000000016b02800 Uncommon trap: reason=bimorphic action=maybe_recompile pc=0x000000000317debc method=com.android.dx.cf.code.BytecodeArray.parseInstruction(ILcom/android/dx/cf/code/BytecodeArray$Visitor;)I @ 1161
Event: 4.662 Thread 0x0000000016b02800 Uncommon trap: reason=unstable_if action=reinterpret pc=0x0000000002f84038 method=java.util.HashMap.putVal(ILjava/lang/Object;Ljava/lang/Object;ZZ)Ljava/lang/Object; @ 162
Event: 4.732 Thread 0x0000000016b08800 Uncommon trap: reason=unstable_if action=reinterpret pc=0x000000000307bfd8 method=java.util.HashMap.getNode(ILjava/lang/Object;)Ljava/util/HashMap$Node; @ 84
Event: 4.759 Thread 0x0000000016b07000 Uncommon trap: reason=unstable_if action=reinterpret pc=0x00000000030dd014 method=com.android.dx.ssa.MoveParamCombiner$1.visitNonMoveInsn(Lcom/android/dx/ssa/NormalSsaInsn;)V @ 27
Event: 4.973 Thread 0x0000000016b0a000 Uncommon trap: reason=bimorphic action=maybe_recompile pc=0x0000000003085280 method=com.android.dx.ssa.LiteralOpUpgrader.tryReplacingWithConstant(Lcom/android/dx/ssa/NormalSsaInsn;)Z @ 62
Event: 4.977 Thread 0x0000000016b0a000 Uncommon trap: reason=bimorphic action=maybe_recompile pc=0x0000000003085280 method=com.android.dx.ssa.LiteralOpUpgrader.tryReplacingWithConstant(Lcom/android/dx/ssa/NormalSsaInsn;)Z @ 62
Event: 5.388 Thread 0x0000000016b02800 Uncommon trap: reason=unstable_if action=reinterpret pc=0x00000000031bb72c method=java.util.HashMap.putVal(ILjava/lang/Object;Ljava/lang/Object;ZZ)Ljava/lang/Object; @ 109

Internal exceptions (6 events):
Event: 0.187 Thread 0x000000000266d800 Exception <a 'java/lang/NoSuchMethodError': Method sun.misc.Unsafe.defineClass(Ljava/lang/String;[BII)Ljava/lang/Class; name or signature does not match> (0x00000000eab07cc0) thrown at [C:\re\workspace\8-2-build-windows-amd64-cygwin\jdk8u101\7261\hotspot\s√©ÙˇÌ«?
Event: 0.187 Thread 0x000000000266d800 Exception <a 'java/lang/NoSuchMethodError': Method sun.misc.Unsafe.prefetchRead(Ljava/lang/Object;J)V name or signature does not match> (0x00000000eab07fa8) thrown at [C:\re\workspace\8-2-build-windows-amd64-cygwin\jdk8u101\7261\hotspot\src\share\vm\prims\`Y^k÷æ@
Event: 4.186 Thread 0x0000000016b0a000 Implicit null exception at 0x000000000311b8f7 to 0x000000000311d39d
Event: 4.664 Thread 0x0000000016b02800 Exception <a 'java/lang/ArrayIndexOutOfBoundsException': 18> (0x00000000efde9968) thrown at [C:\re\workspace\8-2-build-windows-amd64-cygwin\jdk8u101\7261\hotspot\src\share\vm\interpreter\interpreterRuntime.cpp, line 366]
Event: 4.665 Thread 0x0000000016b02800 Exception <a 'java/lang/ArrayIndexOutOfBoundsException': 145> (0x00000000efdeb4e8) thrown at [C:\re\workspace\8-2-build-windows-amd64-cygwin\jdk8u101\7261\hotspot\src\share\vm\interpreter\interpreterRuntime.cpp, line 366]
Event: 4.692 Thread 0x0000000016b02800 Exception <a 'java/lang/ArrayIndexOutOfBoundsException'> (0x00000000efdec7d0) thrown at [C:\re\workspace\8-2-build-windows-amd64-cygwin\jdk8u101\7261\hotspot\src\share\vm\runtime\sharedRuntime.cpp, line 605]

Events (10 events):
Event: 4.906 Executing VM operation: ParallelGCFailedAllocation done
Event: 4.973 Thread 0x0000000016b0a000 Uncommon trap: trap_request=0xffffffc6 fr.pc=0x0000000003085280
Event: 4.973 Thread 0x0000000016b0a000 DEOPT PACKING pc=0x0000000003085280 sp=0x000000001756e8d0
Event: 4.973 Thread 0x0000000016b0a000 DEOPT UNPACKING pc=0x0000000002aa582a sp=0x000000001756e7b8 mode 2
Event: 4.977 Thread 0x0000000016b0a000 Uncommon trap: trap_request=0xffffffc6 fr.pc=0x0000000003085280
Event: 4.977 Thread 0x0000000016b0a000 DEOPT PACKING pc=0x0000000003085280 sp=0x000000001756e820
Event: 4.977 Thread 0x0000000016b0a000 DEOPT UNPACKING pc=0x0000000002aa582a sp=0x000000001756e708 mode 2
Event: 5.388 Thread 0x0000000016b02800 Uncommon trap: trap_request=0xffffff65 fr.pc=0x00000000031bb72c
Event: 5.388 Thread 0x0000000016b02800 DEOPT PACKING pc=0x00000000031bb72c sp=0x000000001716ea80
Event: 5.388 Thread 0x0000000016b02800 DEOPT UNPACKING pc=0x0000000002aa582a sp=0x000000001716ea10 mode 2


Dynamic libraries:
0x00007ff69a660000 - 0x00007ff69a697000 	C:\Program Files\Java\jdk1.8.0_101\bin\java.exe
0x00007fff37920000 - 0x00007fff37af1000 	C:\Windows\SYSTEM32\ntdll.dll
0x00007fff36f40000 - 0x00007fff36feb000 	C:\Windows\System32\KERNEL32.DLL
0x00007fff34b60000 - 0x00007fff34d7d000 	C:\Windows\System32\KERNELBASE.dll
0x00007fff374c0000 - 0x00007fff37562000 	C:\Windows\System32\ADVAPI32.dll
0x00007fff36e00000 - 0x00007fff36e9e000 	C:\Windows\System32\msvcrt.dll
0x00007fff34e90000 - 0x00007fff34ee9000 	C:\Windows\System32\sechost.dll
0x00007fff350e0000 - 0x00007fff35201000 	C:\Windows\System32\RPCRT4.dll
0x00007fff34ef0000 - 0x00007fff35055000 	C:\Windows\System32\USER32.dll
0x00007fff34710000 - 0x00007fff3472e000 	C:\Windows\System32\win32u.dll
0x00007fff36ea0000 - 0x00007fff36ed4000 	C:\Windows\System32\GDI32.dll
0x00007fff33df0000 - 0x00007fff33f72000 	C:\Windows\System32\gdi32full.dll
0x00007fff29bd0000 - 0x00007fff29e4a000 	C:\Windows\WinSxS\amd64_microsoft.windows.common-controls_6595b64144ccf1df_6.0.14393.953_none_42151e83c686086b\COMCTL32.dll
0x00007fff35590000 - 0x00007fff35858000 	C:\Windows\System32\combase.dll
0x00007fff347e0000 - 0x00007fff348d5000 	C:\Windows\System32\ucrtbase.dll
0x00007fff34e20000 - 0x00007fff34e8a000 	C:\Windows\System32\bcryptPrimitives.dll
0x00007fff35360000 - 0x00007fff3538e000 	C:\Windows\System32\IMM32.DLL
0x00000000619c0000 - 0x0000000061a92000 	C:\Program Files\Java\jdk1.8.0_101\jre\bin\msvcr100.dll
0x0000000061120000 - 0x00000000619ba000 	C:\Program Files\Java\jdk1.8.0_101\jre\bin\server\jvm.dll
0x00007fff37570000 - 0x00007fff37578000 	C:\Windows\System32\PSAPI.DLL
0x00007fff240c0000 - 0x00007fff240c9000 	C:\Windows\SYSTEM32\WSOCK32.dll
0x00007fff36d90000 - 0x00007fff36dfa000 	C:\Windows\System32\WS2_32.dll
0x00007fff31c70000 - 0x00007fff31c93000 	C:\Windows\SYSTEM32\WINMM.dll
0x00007fff2fe90000 - 0x00007fff2fe9a000 	C:\Windows\SYSTEM32\VERSION.dll
0x00007fff31c40000 - 0x00007fff31c6b000 	C:\Windows\SYSTEM32\WINMMBASE.dll
0x00007fff34790000 - 0x00007fff347d2000 	C:\Windows\System32\cfgmgr32.dll
0x0000000061110000 - 0x000000006111f000 	C:\Program Files\Java\jdk1.8.0_101\jre\bin\verify.dll
0x00000000610e0000 - 0x0000000061109000 	C:\Program Files\Java\jdk1.8.0_101\jre\bin\java.dll
0x00000000610c0000 - 0x00000000610d6000 	C:\Program Files\Java\jdk1.8.0_101\jre\bin\zip.dll
0x00007fff35860000 - 0x00007fff36d68000 	C:\Windows\System32\SHELL32.dll
0x00007fff34030000 - 0x00007fff3470a000 	C:\Windows\System32\windows.storage.dll
0x00007fff33d60000 - 0x00007fff33dac000 	C:\Windows\System32\powrprof.dll
0x00007fff35080000 - 0x00007fff350d2000 	C:\Windows\System32\shlwapi.dll
0x00007fff33db0000 - 0x00007fff33dbf000 	C:\Windows\System32\kernel.appcore.dll
0x00007fff33f80000 - 0x00007fff34029000 	C:\Windows\System32\shcore.dll
0x00007fff33dd0000 - 0x00007fff33de4000 	C:\Windows\System32\profapi.dll

VM Arguments:
jvm_args: -Djava.awt.headless=true -Xmx1024M -Dfile.encoding=windows-1255 -Duser.country=US -Duser.language=en -Duser.variant 
java_command: com.android.dx.command.Main --dex --force-jumbo --num-threads=4 --multi-dex --output D:\Android\Projects\earthquake\ud843-QuakeReport-starting-point\app\build\intermediates\transforms\dex\debug\folders\1000\10\classes_e02b8faa4818b245b33a0c861e0fefba9487a4c9 C:\Users\Rami LT\.android\build-cache\9b96b65ade9707ec563b7c4298e1f86b5ac2809d\output\jars\classes.jar
java_class_path (initial): D:\Android\build-tools\25.0.0\lib\dx.jar
Launcher Type: SUN_STANDARD

Environment Variables:
JAVA_HOME=C:\Program Files\Java\jdk1.8.0_102
PATH=C:\ProgramData\Oracle\Java\javapath;C:\WINDOWS\system32;C:\WINDOWS;C:\WINDOWS\System32\Wbem;C:\WINDOWS\System32\WindowsPowerShell\v1.0\;C:\Program Files\Intel\WiFi\bin\;C:\Program Files\Common Files\Intel\WirelessCommon\;C:\Program Files (x86)\Skype\Phone\;C:\Program Files (x86)\NVIDIA Corporation\PhysX\Common;C:\Program Files\Microsoft SQL Server\120\Tools\Binn\;C:\Program Files\Microsoft SQL Server\130\Tools\Binn\;C:\Program Files (x86)\Intel\OpenCL SDK\2.0\bin\x86;C:\Program Files (x86)\Intel\OpenCL SDK\2.0\bin\x64;C:\Program Files\Microsoft\Web Platform Installer\;C:\Program Files\dotnet\;C:\Windows\system32;C:\Windows;C:\Windows\System32\Wbem;C:\Windows\System32\WindowsPowerShell\v1.0\;C:\Program Files\Java\jdk1.8.0_102\bin;C:\maven\apache-maven-3.3.9\bin;C:\mysql-connector-java-5.1.40\mysql-5.7.16-winx64\bin;C:\Python27;C:\Program Files\Git\cmd;C:\Users\Rami LT\.dnx\bin;C:\Program Files\Intel\WiFi\bin\;C:\Program Files\Common Files\Intel\WirelessCommon\;C:\Users\Rami LT\AppData\Local\Microsoft\WindowsApps;C:\Program Files (x86)\Notepad++
USERNAME=Rami LT
OS=Windows_NT
PROCESSOR_IDENTIFIER=Intel64 Family 6 Model 42 Stepping 7, GenuineIntel



---------------  S Y S T E M  ---------------

OS: Windows 10.0 , 64 bit Build 14393 (10.0.14393.0)

CPU:total 4 (2 cores per cpu, 2 threads per core) family 6 model 42 stepping 7, cmov, cx8, fxsr, mmx, sse, sse2, sse3, ssse3, sse4.1, sse4.2, popcnt, avx, aes, clmul, ht, tsc, tscinvbit

Memory: 4k page, physical 6196396k(848556k free), swap 7888044k(5808k free)

vm_info: Java HotSpot(TM) 64-Bit Server VM (25.101-b13) for windows-amd64 JRE (1.8.0_101-b13), built on Jun 22 2016 01:21:29 by "java_re" with MS VC++ 10.0 (VS2010)

time: Sat Apr 22 02:21:44 2017
elapsed time: 5 seconds (0d 0h 0m 5s)

